#
# A fatal error has been detected by the Java Runtime Environment:
#
#  SIGILL (0x4) at pc=0x00007fff2025625d, pid=6280, tid=0x0000000000002903
#
# JRE version: OpenJDK Runtime Environment (8.0_302-b08) (build 1.8.0_302-b08)
# Java VM: OpenJDK 64-Bit Server VM (25.302-b08 mixed mode bsd-amd64 compressed oops)
# Problematic frame:
# C  [libdispatch.dylib+0x525d]  _dispatch_assert_queue_fail+0x63
#
# Failed to write core dump. Core dumps have been disabled. To enable core dumping, try "ulimit -c unlimited" before starting Java again
#
# If you would like to submit a bug report, please visit:
#   https://github.com/corretto/corretto-8/issues/
# The crash happened outside the Java Virtual Machine in native code.
# See problematic frame for where to report the bug.
#

---------------  T H R E A D  ---------------

Current thread (0x00007fdf0880d800):  JavaThread "main" [_thread_in_native, id=10499, stack(0x000070000d035000,0x000070000d135000)]

siginfo: si_signo: 4 (SIGILL), si_code: 1 (ILL_ILLOPC), si_addr: 0x00007fff2025625d

Registers:
RAX=0x0444945302bb00a7, RBX=0x00007fdf07d65fc0, RCX=0x0000000000000000, RDX=0x0000000000099fd0
RSP=0x000070000d133bb0, RBP=0x000070000d133bc0, RSI=0x00000000c2286b87, RDI=0x000000010cf4e080
R8 =0x0000000000006190, R9 =0x0000000000000003, R10=0x00007fdf07d00000, R11=0x0000000000000000
R12=0x00007fdf07c71a50, R13=0x000000013fbce340, R14=0x000070000d133cc8, R15=0x0000000000000000
RIP=0x00007fff2025625d, EFLAGS=0x0000000000010206, ERR=0x0000000000000000
  TRAPNO=0x0000000000000006

Top of Stack: (sp=0x000070000d133bb0)
0x000070000d133bb0:   00007fdf07d65fc0 000000013fbce340
0x000070000d133bc0:   000070000d133bd0 00007fff202561f2
0x000070000d133bd0:   000070000d133c80 00007fff2873e4f0
0x000070000d133be0:   00007fff200f0000 0000000100000203
0x000070000d133bf0:   0000000000000000 000000010d202400
0x000070000d133c00:   000000013fbce340 000070000d133e70
0x000070000d133c10:   000070000d133ce0 00000001112a644e
0x000070000d133c20:   0000000000000000 00007fff810a4b08
0x000070000d133c30:   0000000000000000 0000000000000000
0x000070000d133c40:   000000013fbde2c8 000000010d66d060
0x000070000d133c50:   00007fff8108e560 000000013fbce340
0x000070000d133c60:   00007fdf07c71a50 000000013fbce340
0x000070000d133c70:   000070000d133cc8 000000000000013e
0x000070000d133c80:   000070000d133cb0 00007fff28740cdd
0x000070000d133c90:   000000013fbce340 00007fff810a4b08
0x000070000d133ca0:   00007fdf07c71a50 00007fdf0880d800
0x000070000d133cb0:   000070000d133cf0 00007fff28740ba5
0x000070000d133cc0:   0000000000000000 0000000000000000
0x000070000d133cd0:   000000013fbce340 0000000000000000
0x000070000d133ce0:   000070000d133e70 00007fdf0880d800
0x000070000d133cf0:   000070000d133d50 000000013fc7ae4f
0x000070000d133d00:   6576697244776f64 444974696e695f72
0x000070000d133d10:   000070000d133d50 00007fff28751a4b
0x000070000d133d20:   00007fdf07d65be0 000000013fbce340
0x000070000d133d30:   0000000000000000 000000013fbce340
0x000070000d133d40:   00007fdf07c71a50 000000013fbce340
0x000070000d133d50:   000070000d133d70 000000013fc7ae08
0x000070000d133d60:   000070000d133e70 00007fdf07c71a50
0x000070000d133d70:   000070000d133db0 000000013fc79303
0x000070000d133d80:   000000010d26e5a6 000070000d133e68
0x000070000d133d90:   00007fdf0880da50 000000013fc7b72e
0x000070000d133da0:   000000013fc81368 0000000000000000 

Instructions: (pc=0x00007fff2025625d)
0x00007fff2025623d:   e8 4c 00 03 00 48 8b 1b 48 8d 3d 76 34 03 00 48
0x00007fff2025624d:   89 de 31 c0 e8 c8 b3 02 00 48 89 1d 2b f5 4c 60
0x00007fff2025625d:   0f 0b 55 48 89 e5 48 8b 07 0f b6 40 28 48 8d 48
0x00007fff2025626d:   ef 48 83 f9 02 73 62 48 8b 47 38 65 33 04 25 18 

Register to memory mapping:

RAX=0x0444945302bb00a7 is an unknown value
RBX=0x00007fdf07d65fc0 is an unknown value
RCX=0x0000000000000000 is an unknown value
RDX=0x0000000000099fd0 is an unknown value
RSP=0x000070000d133bb0 is pointing into the stack for thread: 0x00007fdf0880d800
RBP=0x000070000d133bc0 is pointing into the stack for thread: 0x00007fdf0880d800
RSI=0x00000000c2286b87 is an unknown value
RDI=0x000000010cf4e080 is an unknown value
R8 =0x0000000000006190 is an unknown value
R9 =0x0000000000000003 is an unknown value
R10=0x00007fdf07d00000 is an unknown value
R11=0x0000000000000000 is an unknown value
R12=0x00007fdf07c71a50 is an unknown value
R13={method} {0x000000013fbce340} 'initIDs0' '()Z' in 'jogamp/newt/driver/macosx/WindowDriver'
R14=0x000070000d133cc8 is pointing into the stack for thread: 0x00007fdf0880d800
R15=0x0000000000000000 is an unknown value


Stack: [0x000070000d035000,0x000070000d135000],  sp=0x000070000d133bb0,  free space=1018k
Native frames: (J=compiled Java code, j=interpreted, Vv=VM code, C=native code)
C  [libdispatch.dylib+0x525d]  _dispatch_assert_queue_fail+0x63
C  [libdispatch.dylib+0x51f2]  dispatch_assert_queue+0x7a
C  [HIToolbox+0x334f0]  islGetInputSourceListWithAdditions+0x77
C  [HIToolbox+0x35cdd]  isValidateInputSourceRef+0x5a
C  [HIToolbox+0x35ba5]  TSMGetInputSourceProperty+0x1e
C  [libnewt.jnilib+0xae4f]  NewtCommon_ReleaseJNIEnv+0x469f
C  [libnewt.jnilib+0xae08]  NewtCommon_ReleaseJNIEnv+0x4658
C  [libnewt.jnilib+0x9303]  NewtCommon_ReleaseJNIEnv+0x2b53
C  [libnewt.jnilib+0x31c1]  Java_jogamp_newt_driver_macosx_WindowDriver_initIDs0+0x1a1
j  jogamp.newt.driver.macosx.WindowDriver.initIDs0()Z+0
j  jogamp.newt.driver.macosx.DisplayDriver.<clinit>()V+20
v  ~StubRoutines::call_stub
V  [libjvm.dylib+0x2ce5b0]  JavaCalls::call_helper(JavaValue*, methodHandle*, JavaCallArguments*, Thread*)+0x6a4
V  [libjvm.dylib+0x296eeb]  InstanceKlass::call_class_initializer_impl(instanceKlassHandle, Thread*)+0xe7
V  [libjvm.dylib+0x295d5f]  InstanceKlass::initialize_impl(instanceKlassHandle, Thread*)+0x463
V  [libjvm.dylib+0x2958e8]  InstanceKlass::initialize(Thread*)+0x3a
V  [libjvm.dylib+0x3340c9]  find_class_from_class_loader(JNIEnv_*, Symbol*, unsigned char, Handle, Handle, unsigned char, Thread*)+0x60
V  [libjvm.dylib+0x33428b]  JVM_FindClassFromCaller+0x1a7
C  [libjava.dylib+0x31ef]  Java_java_lang_Class_forName0+0x12a
j  java.lang.Class.forName0(Ljava/lang/String;ZLjava/lang/ClassLoader;Ljava/lang/Class;)Ljava/lang/Class;+0
j  java.lang.Class.forName(Ljava/lang/String;)Ljava/lang/Class;+11
j  com.jogamp.newt.NewtFactory.getCustomClass(Ljava/lang/String;Ljava/lang/String;)Ljava/lang/Class;+76
j  jogamp.newt.DisplayImpl.getDisplayClass(Ljava/lang/String;)Ljava/lang/Class;+3
j  jogamp.newt.DisplayImpl.create(Ljava/lang/String;Ljava/lang/String;JZ)Lcom/jogamp/newt/Display;+1
j  com.jogamp.newt.NewtFactory.createDisplay(Ljava/lang/String;Z)Lcom/jogamp/newt/Display;+7
j  com.jogamp.newt.NewtFactory.createDisplay(Ljava/lang/String;)Lcom/jogamp/newt/Display;+2
j  processing.opengl.PSurfaceJOGL.initDisplay()V+2
j  processing.opengl.PSurfaceJOGL.initFrame(Lprocessing/core/PApplet;)V+10
j  processing.core.PApplet.initSurface()Lprocessing/core/PSurface;+46
j  processing.core.PApplet.runSketch([Ljava/lang/String;Lprocessing/core/PApplet;)V+822
j  processing.core.PApplet.main(Ljava/lang/String;[Ljava/lang/String;)V+21
j  main.Main.main([Ljava/lang/String;)V+6
v  ~StubRoutines::call_stub
V  [libjvm.dylib+0x2ce5b0]  JavaCalls::call_helper(JavaValue*, methodHandle*, JavaCallArguments*, Thread*)+0x6a4
V  [libjvm.dylib+0x30a9d6]  jni_invoke_static(JNIEnv_*, JavaValue*, _jobject*, JNICallType, _jmethodID*, JNI_ArgumentPusher*, Thread*)+0x24e
V  [libjvm.dylib+0x30d3fa]  jni_CallStaticVoidMethod+0x17c
C  [java+0x6916]  JavaMain+0x9bb
C  [libsystem_pthread.dylib+0x68fc]  _pthread_start+0xe0
C  [libsystem_pthread.dylib+0x2443]  thread_start+0xf
C  0x0000000000000000

Java frames: (J=compiled Java code, j=interpreted, Vv=VM code)
j  jogamp.newt.driver.macosx.WindowDriver.initIDs0()Z+0
j  jogamp.newt.driver.macosx.DisplayDriver.<clinit>()V+20
v  ~StubRoutines::call_stub
j  java.lang.Class.forName0(Ljava/lang/String;ZLjava/lang/ClassLoader;Ljava/lang/Class;)Ljava/lang/Class;+0
j  java.lang.Class.forName(Ljava/lang/String;)Ljava/lang/Class;+11
j  com.jogamp.newt.NewtFactory.getCustomClass(Ljava/lang/String;Ljava/lang/String;)Ljava/lang/Class;+76
j  jogamp.newt.DisplayImpl.getDisplayClass(Ljava/lang/String;)Ljava/lang/Class;+3
j  jogamp.newt.DisplayImpl.create(Ljava/lang/String;Ljava/lang/String;JZ)Lcom/jogamp/newt/Display;+1
j  com.jogamp.newt.NewtFactory.createDisplay(Ljava/lang/String;Z)Lcom/jogamp/newt/Display;+7
j  com.jogamp.newt.NewtFactory.createDisplay(Ljava/lang/String;)Lcom/jogamp/newt/Display;+2
j  processing.opengl.PSurfaceJOGL.initDisplay()V+2
j  processing.opengl.PSurfaceJOGL.initFrame(Lprocessing/core/PApplet;)V+10
j  processing.core.PApplet.initSurface()Lprocessing/core/PSurface;+46
j  processing.core.PApplet.runSketch([Ljava/lang/String;Lprocessing/core/PApplet;)V+822
j  processing.core.PApplet.main(Ljava/lang/String;[Ljava/lang/String;)V+21
j  main.Main.main([Ljava/lang/String;)V+6
v  ~StubRoutines::call_stub

---------------  P R O C E S S  ---------------

Java Threads: ( => current thread )
  0x00007fdf0a963800 JavaThread "AWT-EventQueue-0" [_thread_blocked, id=62755, stack(0x000070000f9bc000,0x000070000fabc000)]
  0x00007fdf0a8c7800 JavaThread "Java2D Disposer" daemon [_thread_blocked, id=58891, stack(0x000070000f8b9000,0x000070000f9b9000)]
  0x00007fdf0a05b800 JavaThread "Attach Listener" daemon [_thread_blocked, id=74243, stack(0x000070000f7b6000,0x000070000f8b6000)]
  0x00007fdf0f075000 JavaThread "Java2D Queue Flusher" daemon [_thread_blocked, id=80171, stack(0x000070000f6b3000,0x000070000f7b3000)]
  0x00007fdf0a028800 JavaThread "AWT-Shutdown" [_thread_blocked, id=35099, stack(0x000070000f29e000,0x000070000f39e000)]
  0x00007fdf08067000 JavaThread "AWT-AppKit" daemon [_thread_in_native, id=259, stack(0x00007ffee24d9000,0x00007ffee2cd9000)]
  0x00007fdf0b836000 JavaThread "Service Thread" daemon [_thread_blocked, id=40963, stack(0x000070000f098000,0x000070000f198000)]
  0x00007fdf0f80a800 JavaThread "C1 CompilerThread11" daemon [_thread_blocked, id=41475, stack(0x000070000ef95000,0x000070000f095000)]
  0x00007fdf0918e800 JavaThread "C1 CompilerThread10" daemon [_thread_blocked, id=25859, stack(0x000070000ee92000,0x000070000ef92000)]
  0x00007fdf0918e000 JavaThread "C1 CompilerThread9" daemon [_thread_blocked, id=25603, stack(0x000070000ed8f000,0x000070000ee8f000)]
  0x00007fdf0f809800 JavaThread "C1 CompilerThread8" daemon [_thread_blocked, id=25347, stack(0x000070000ec8c000,0x000070000ed8c000)]
  0x00007fdf10810800 JavaThread "C2 CompilerThread7" daemon [_thread_blocked, id=42243, stack(0x000070000eb89000,0x000070000ec89000)]
  0x00007fdf0a01c800 JavaThread "C2 CompilerThread6" daemon [_thread_blocked, id=24579, stack(0x000070000ea86000,0x000070000eb86000)]
  0x00007fdf0f808800 JavaThread "C2 CompilerThread5" daemon [_thread_blocked, id=24323, stack(0x000070000e983000,0x000070000ea83000)]
  0x00007fdf0a01b800 JavaThread "C2 CompilerThread4" daemon [_thread_blocked, id=23811, stack(0x000070000e880000,0x000070000e980000)]
  0x00007fdf0b02e800 JavaThread "C2 CompilerThread3" daemon [_thread_blocked, id=23555, stack(0x000070000e77d000,0x000070000e87d000)]
  0x00007fdf0f00d800 JavaThread "C2 CompilerThread2" daemon [_thread_blocked, id=23043, stack(0x000070000e67a000,0x000070000e77a000)]
  0x00007fdf0a012800 JavaThread "C2 CompilerThread1" daemon [_thread_blocked, id=22531, stack(0x000070000e577000,0x000070000e677000)]
  0x00007fdf0a011800 JavaThread "C2 CompilerThread0" daemon [_thread_blocked, id=43011, stack(0x000070000e474000,0x000070000e574000)]
  0x00007fdf08838000 JavaThread "Monitor Ctrl-Break" daemon [_thread_in_native, id=43267, stack(0x000070000e371000,0x000070000e471000)]
  0x00007fdf0900a800 JavaThread "Signal Dispatcher" daemon [_thread_blocked, id=16387, stack(0x000070000e26e000,0x000070000e36e000)]
  0x00007fdf08014800 JavaThread "Finalizer" daemon [_thread_blocked, id=18691, stack(0x000070000e065000,0x000070000e165000)]
  0x00007fdf0f00c800 JavaThread "Reference Handler" daemon [_thread_blocked, id=18947, stack(0x000070000df62000,0x000070000e062000)]
=>0x00007fdf0880d800 JavaThread "main" [_thread_in_native, id=10499, stack(0x000070000d035000,0x000070000d135000)]

Other Threads:
  0x00007fdf0b831800 VMThread [stack: 0x000070000de5f000,0x000070000df5f000] [id=14339]
  0x00007fdf0a812800 WatcherThread [stack: 0x000070000f19b000,0x000070000f29b000] [id=26371]

VM state:not at safepoint (normal execution)

VM Mutex/Monitor currently owned by a thread: None

heap address: 0x00000006c0000000, size: 4096 MB, Compressed Oops mode: Zero based, Oop shift amount: 3
Narrow klass base: 0x0000000000000000, Narrow klass shift: 3
Compressed class space size: 1073741824 Address: 0x00000007c0000000

Heap:
 PSYoungGen      total 76288K, used 31724K [0x000000076ab00000, 0x0000000770000000, 0x00000007c0000000)
  eden space 65536K, 48% used [0x000000076ab00000,0x000000076c9fb0b0,0x000000076eb00000)
  from space 10752K, 0% used [0x000000076f580000,0x000000076f580000,0x0000000770000000)
  to   space 10752K, 0% used [0x000000076eb00000,0x000000076eb00000,0x000000076f580000)
 ParOldGen       total 175104K, used 0K [0x00000006c0000000, 0x00000006cab00000, 0x000000076ab00000)
  object space 175104K, 0% used [0x00000006c0000000,0x00000006c0000000,0x00000006cab00000)
 Metaspace       used 11124K, capacity 11292K, committed 11520K, reserved 1058816K
  class space    used 1192K, capacity 1274K, committed 1280K, reserved 1048576K

Card table byte_map: [0x000000010ddc8000,0x000000010e5c9000] byte_map_base: 0x000000010a7c8000

Marking Bits: (ParMarkBitMap*) 0x000000010d66dbc8
 Begin Bits: [0x0000000128800000, 0x000000012c800000)
 End Bits:   [0x000000012c800000, 0x0000000130800000)

Polling page: 0x000000010d986000

CodeCache: size=245760Kb used=4449Kb max_used=4461Kb free=241310Kb
 bounds [0x0000000119800000, 0x0000000119c60000, 0x0000000128800000]
 total_blobs=1119 nmethods=583 adapters=447
 compilation: enabled

Compilation events (10 events):
Event: 3.431 Thread 0x00007fdf0a01c800  579       4       java.util.concurrent.ConcurrentHashMap::casTabAt (20 bytes)
Event: 3.431 Thread 0x00007fdf10810800  580       4       java.util.concurrent.ConcurrentHashMap::tabAt (21 bytes)
Event: 3.431 Thread 0x00007fdf10810800 nmethod 580 0x0000000119c509d0 code [0x0000000119c50b00, 0x0000000119c50b58]
Event: 3.431 Thread 0x00007fdf0a01c800 nmethod 579 0x0000000119c50710 code [0x0000000119c50840, 0x0000000119c508b8]
Event: 3.432 Thread 0x00007fdf0f80a800 nmethod 575 0x0000000119c57790 code [0x0000000119c57a40, 0x0000000119c58c18]
Event: 3.437 Thread 0x00007fdf0f00d800  581       4       java.lang.String::indexOf (166 bytes)
Event: 3.439 Thread 0x00007fdf0918e000  582       3       java.util.ArrayDeque::poll (5 bytes)
Event: 3.439 Thread 0x00007fdf0f809800  583       3       java.util.ArrayDeque::pollFirst (42 bytes)
Event: 3.439 Thread 0x00007fdf0918e000 nmethod 582 0x0000000119c553d0 code [0x0000000119c55540, 0x0000000119c556e8]
Event: 3.439 Thread 0x00007fdf0f809800 nmethod 583 0x0000000119c54e10 code [0x0000000119c54f80, 0x0000000119c552b0]

GC Heap History (0 events):
No events

Deoptimization events (1 events):
Event: 2.784 Thread 0x00007fdf0880d800 Uncommon trap: reason=unstable_if action=reinterpret pc=0x0000000119bb9934 method=java.lang.String.indexOf([CII[CIII)I @ 3

Classes redefined (0 events):
No events

Internal exceptions (10 events):
Event: 0.258 Thread 0x00007fdf0880d800 Exception <a 'java/security/PrivilegedActionException'> (0x000000076b2275d8) thrown at [/Users/ec2-user/workspace/Corretto8/macos/x64/build/Corretto8Src/installers/mac/tar/corretto-build/buildRoot/src/hotspot/src/share/vm/prims/jvm.cpp, line 1523]
Event: 0.259 Thread 0x00007fdf0880d800 Exception <a 'java/security/PrivilegedActionException'> (0x000000076b22b020) thrown at [/Users/ec2-user/workspace/Corretto8/macos/x64/build/Corretto8Src/installers/mac/tar/corretto-build/buildRoot/src/hotspot/src/share/vm/prims/jvm.cpp, line 1523]
Event: 0.259 Thread 0x00007fdf0880d800 Exception <a 'java/security/PrivilegedActionException'> (0x000000076b22b230) thrown at [/Users/ec2-user/workspace/Corretto8/macos/x64/build/Corretto8Src/installers/mac/tar/corretto-build/buildRoot/src/hotspot/src/share/vm/prims/jvm.cpp, line 1523]
Event: 0.350 Thread 0x00007fdf0880d800 Exception <a 'java/lang/NoSuchFieldError': method resolution failed> (0x000000076b4a7bc8) thrown at [/Users/ec2-user/workspace/Corretto8/macos/x64/build/Corretto8Src/installers/mac/tar/corretto-build/buildRoot/src/hotspot/src/share/vm/prims/methodHandles.
Event: 0.353 Thread 0x00007fdf0880d800 Exception <a 'java/lang/NoSuchFieldError': method resolution failed> (0x000000076b4b5808) thrown at [/Users/ec2-user/workspace/Corretto8/macos/x64/build/Corretto8Src/installers/mac/tar/corretto-build/buildRoot/src/hotspot/src/share/vm/prims/methodHandles.
Event: 0.710 Thread 0x00007fdf0880d800 Exception <a 'java/io/FileNotFoundException'> (0x000000076b69f4a8) thrown at [/Users/ec2-user/workspace/Corretto8/macos/x64/build/Corretto8Src/installers/mac/tar/corretto-build/buildRoot/src/hotspot/src/share/vm/prims/jni.cpp, line 711]
Event: 0.710 Thread 0x00007fdf0880d800 Exception <a 'java/io/FileNotFoundException'> (0x000000076b6a0108) thrown at [/Users/ec2-user/workspace/Corretto8/macos/x64/build/Corretto8Src/installers/mac/tar/corretto-build/buildRoot/src/hotspot/src/share/vm/prims/jni.cpp, line 711]
Event: 0.750 Thread 0x00007fdf0880d800 Exception <a 'java/io/FileNotFoundException'> (0x000000076b70a338) thrown at [/Users/ec2-user/workspace/Corretto8/macos/x64/build/Corretto8Src/installers/mac/tar/corretto-build/buildRoot/src/hotspot/src/share/vm/prims/jni.cpp, line 711]
Event: 2.500 Thread 0x00007fdf08067000 Exception <a 'java/lang/ClassNotFoundException': sun/dc/DuctusRenderingEngine> (0x000000076b811f38) thrown at [/Users/ec2-user/workspace/Corretto8/macos/x64/build/Corretto8Src/installers/mac/tar/corretto-build/buildRoot/src/hotspot/src/share/vm/classfile/
Event: 2.813 Thread 0x00007fdf0880d800 Exception <a 'java/lang/UnsatisfiedLinkError': com.jogamp.common.util.JarUtil.fixNativeLibAttribs(Ljava/lang/String;)Z> (0x000000076c40ec18) thrown at [/Users/ec2-user/workspace/Corretto8/macos/x64/build/Corretto8Src/installers/mac/tar/corretto-build/buil

Events (10 events):
Event: 3.438 loading class com/jogamp/newt/event/InputEvent$InputClass
Event: 3.438 loading class com/jogamp/newt/event/InputEvent$InputClass done
Event: 3.438 loading class com/jogamp/common/util/Bitfield$Factory
Event: 3.438 loading class com/jogamp/common/util/Bitfield$Factory done
Event: 3.439 loading class com/jogamp/common/util/Bitfield
Event: 3.439 loading class com/jogamp/common/util/Bitfield done
Event: 3.439 loading class jogamp/common/util/Int32Bitfield
Event: 3.439 loading class jogamp/common/util/Int32Bitfield done
Event: 3.440 loading class jogamp/common/util/SyncedBitfield
Event: 3.440 loading class jogamp/common/util/SyncedBitfield done


Dynamic libraries:
0x00007fff34f43000 	/System/Library/Frameworks/Cocoa.framework/Versions/A/Cocoa
0x00007fff2228d000 	/System/Library/Frameworks/Security.framework/Versions/A/Security
0x00007fff3314b000 	/System/Library/Frameworks/ApplicationServices.framework/Versions/A/ApplicationServices
0x00007fff2a50f000 	/usr/lib/libz.1.dylib
0x00007fff2a5d7000 	/usr/lib/libSystem.B.dylib
0x00007fff20476000 	/System/Library/Frameworks/CoreFoundation.framework/Versions/A/CoreFoundation
0x00007fff21225000 	/System/Library/Frameworks/Foundation.framework/Versions/C/Foundation
0x00007fff20296000 	/usr/lib/libobjc.A.dylib
0x00007fff22cbe000 	/System/Library/Frameworks/AppKit.framework/Versions/C/AppKit
0x00007fff25b82000 	/System/Library/Frameworks/CoreData.framework/Versions/A/CoreData
0x00007fff23a0a000 	/System/Library/PrivateFrameworks/UIFoundation.framework/Versions/A/UIFoundation
0x00007fff2fc05000 	/System/Library/PrivateFrameworks/RemoteViewServices.framework/Versions/A/RemoteViewServices
0x00007fff28a1b000 	/System/Library/PrivateFrameworks/XCTTargetBootstrap.framework/Versions/A/XCTTargetBootstrap
0x00007fff2b701000 	/usr/lib/libspindump.dylib
0x00007fff23c59000 	/System/Library/Frameworks/UniformTypeIdentifiers.framework/Versions/A/UniformTypeIdentifiers
0x00007fff2721f000 	/usr/lib/libapp_launch_measurement.dylib
0x00007fff27222000 	/System/Library/PrivateFrameworks/CoreAutoLayout.framework/Versions/A/CoreAutoLayout
0x00007fff28382000 	/System/Library/Frameworks/Metal.framework/Versions/A/Metal
0x00007fff29078000 	/usr/lib/liblangid.dylib
0x00007fff28a1f000 	/System/Library/PrivateFrameworks/CoreSVG.framework/Versions/A/CoreSVG
0x00007fff24c99000 	/System/Library/PrivateFrameworks/SkyLight.framework/Versions/A/SkyLight
0x00007fff24fff000 	/System/Library/Frameworks/CoreGraphics.framework/Versions/A/CoreGraphics
0x00007fff3012c000 	/System/Library/Frameworks/Accelerate.framework/Versions/A/Accelerate
0x00007fff2b13f000 	/System/Library/PrivateFrameworks/IconServices.framework/Versions/A/IconServices
0x00007fff28366000 	/System/Library/Frameworks/IOSurface.framework/Versions/A/IOSurface
0x00007fff2650a000 	/usr/lib/libDiagnosticMessagesClient.dylib
0x00007fff28a07000 	/System/Library/PrivateFrameworks/DFRFoundation.framework/Versions/A/DFRFoundation
0x00007fff225e5000 	/usr/lib/libicucore.A.dylib
0x00007fff2cc44000 	/System/Library/Frameworks/AudioToolbox.framework/Versions/A/AudioToolbox
0x00007fff2becc000 	/System/Library/PrivateFrameworks/DataDetectorsCore.framework/Versions/A/DataDetectorsCore
0x00007fff24c0c000 	/usr/lib/libMobileGestalt.dylib
0x00007fff2870b000 	/System/Library/Frameworks/Carbon.framework/Versions/A/Frameworks/HIToolbox.framework/Versions/A/HIToolbox
0x00007fff26c64000 	/System/Library/Frameworks/QuartzCore.framework/Versions/A/QuartzCore
0x00007fff2fc3d000 	/System/Library/Frameworks/Carbon.framework/Versions/A/Frameworks/SpeechRecognition.framework/Versions/A/SpeechRecognition
0x00007fff26f84000 	/System/Library/PrivateFrameworks/CoreUI.framework/Versions/A/CoreUI
0x00007fff21bfb000 	/System/Library/Frameworks/CoreAudio.framework/Versions/A/CoreAudio
0x00007fff265f5000 	/System/Library/Frameworks/DiskArbitration.framework/Versions/A/DiskArbitration
0x00007fff2bacf000 	/System/Library/PrivateFrameworks/MultitouchSupport.framework/Versions/A/MultitouchSupport
0x00007fff2bec3000 	/System/Library/PrivateFrameworks/InternationalSupport.framework/Versions/A/InternationalSupport
0x00007fff24c0b000 	/usr/lib/libenergytrace.dylib
0x00007fff22bb5000 	/System/Library/Frameworks/IOKit.framework/Versions/A/IOKit
0x00007fff2ff70000 	/System/Library/Frameworks/CoreServices.framework/Versions/A/CoreServices
0x00007fff271b1000 	/System/Library/PrivateFrameworks/PerformanceAnalysis.framework/Versions/A/PerformanceAnalysis
0x00007fff6badd000 	/System/Library/Frameworks/OpenGL.framework/Versions/A/OpenGL
0x00007fff2bf47000 	/System/Library/PrivateFrameworks/UserActivity.framework/Versions/A/UserActivity
0x00007fff25689000 	/System/Library/Frameworks/ColorSync.framework/Versions/A/ColorSync
0x00007fff28c86000 	/System/Library/Frameworks/CoreImage.framework/Versions/A/CoreImage
0x00007fff21a15000 	/System/Library/Frameworks/CoreText.framework/Versions/A/CoreText
0x00007fff28a49000 	/System/Library/Frameworks/ImageIO.framework/Versions/A/ImageIO
0x00007fff2a5dd000 	/System/Library/PrivateFrameworks/SoftLinking.framework/Versions/A/SoftLinking
0x00007fff2726a000 	/usr/lib/libxml2.2.dylib
0x00007fff2035c000 	/usr/lib/libc++.1.dylib
0x00007fff2a84e000 	/usr/lib/libcompression.dylib
0x00007fff2bdf5000 	/System/Library/PrivateFrameworks/TextureIO.framework/Versions/A/TextureIO
0x00007fff2ae7d000 	/usr/lib/libate.dylib
0x00007fff2a5d1000 	/usr/lib/system/libcache.dylib
0x00007fff2a58d000 	/usr/lib/system/libcommonCrypto.dylib
0x00007fff2a5b7000 	/usr/lib/system/libcompiler_rt.dylib
0x00007fff2a5ac000 	/usr/lib/system/libcopyfile.dylib
0x00007fff20186000 	/usr/lib/system/libcorecrypto.dylib
0x00007fff20251000 	/usr/lib/system/libdispatch.dylib
0x00007fff20404000 	/usr/lib/system/libdyld.dylib
0x00007fff2a5c8000 	/usr/lib/system/libkeymgr.dylib
0x00007fff2d9db000 	/usr/lib/system/liblaunch.dylib
0x00007fff2a56b000 	/usr/lib/system/libmacho.dylib
0x00007fff29d63000 	/usr/lib/system/libquarantine.dylib
0x00007fff2a5c5000 	/usr/lib/system/libremovefile.dylib
0x00007fff24c69000 	/usr/lib/system/libsystem_asl.dylib
0x00007fff20136000 	/usr/lib/system/libsystem_blocks.dylib
0x00007fff202d3000 	/usr/lib/system/libsystem_c.dylib
0x00007fff2a5bf000 	/usr/lib/system/libsystem_collections.dylib
0x00007fff29069000 	/usr/lib/system/libsystem_configuration.dylib
0x00007fff28355000 	/usr/lib/system/libsystem_containermanager.dylib
0x00007fff2a30e000 	/usr/lib/system/libsystem_coreservices.dylib
0x00007fff22845000 	/usr/lib/system/libsystem_darwin.dylib
0x00007fff2a5c9000 	/usr/lib/system/libsystem_dnssd.dylib
0x00007fff202d0000 	/usr/lib/system/libsystem_featureflags.dylib
0x00007fff2044a000 	/usr/lib/system/libsystem_info.dylib
0x00007fff2a522000 	/usr/lib/system/libsystem_m.dylib
0x00007fff20224000 	/usr/lib/system/libsystem_malloc.dylib
0x00007fff24bfc000 	/usr/lib/system/libsystem_networkextension.dylib
0x00007fff22c64000 	/usr/lib/system/libsystem_notify.dylib
0x00007fff2fe72000 	/usr/lib/system/libsystem_product_info_filter.dylib
0x00007fff2906d000 	/usr/lib/system/libsystem_sandbox.dylib
0x00007fff2a5c2000 	/usr/lib/system/libsystem_secinit.dylib
0x00007fff203c8000 	/usr/lib/system/libsystem_kernel.dylib
0x00007fff20440000 	/usr/lib/system/libsystem_platform.dylib
0x00007fff203f8000 	/usr/lib/system/libsystem_pthread.dylib
0x00007fff26346000 	/usr/lib/system/libsystem_symptoms.dylib
0x00007fff2016e000 	/usr/lib/system/libsystem_trace.dylib
0x00007fff2a599000 	/usr/lib/system/libunwind.dylib
0x00007fff20138000 	/usr/lib/system/libxpc.dylib
0x00007fff203b2000 	/usr/lib/libc++abi.dylib
0x00007fff2a5a4000 	/usr/lib/liboah.dylib
0x00007fff2ac62000 	/usr/lib/liblzma.5.dylib
0x00007fff20f39000 	/System/Library/Frameworks/SystemConfiguration.framework/Versions/A/SystemConfiguration
0x00007fff2a5d9000 	/usr/lib/libfakelink.dylib
0x00007fff2475d000 	/System/Library/Frameworks/CFNetwork.framework/Versions/A/CFNetwork
0x00007fff2a719000 	/usr/lib/libarchive.2.dylib
0x00007fff20fb7000 	/usr/lib/libCRFSuite.dylib
0x00007fff29d8a000 	/usr/lib/libbsm.0.dylib
0x00007fff240d6000 	/usr/lib/libnetwork.dylib
0x00007fff2a5de000 	/usr/lib/libpcap.A.dylib
0x00007fff2633f000 	/usr/lib/libdns_services.dylib
0x00007fff2ac7b000 	/usr/lib/libcoretls_cfhelpers.dylib
0x00007fff2a818000 	/usr/lib/libapple_nghttp2.dylib
0x00007fff2a571000 	/usr/lib/system/libkxld.dylib
0x00007fff25fb8000 	/usr/lib/libsqlite3.dylib
0x00007fff2a2f1000 	/System/Library/PrivateFrameworks/AppleFSCompression.framework/Versions/A/AppleFSCompression
0x00007fff29d72000 	/usr/lib/libcoretls.dylib
0x00007fff2a849000 	/usr/lib/libpam.2.dylib
0x00007fff2ad79000 	/usr/lib/libxar.1.dylib
0x00007fff29074000 	/System/Library/PrivateFrameworks/AppleSystemInfo.framework/Versions/A/AppleSystemInfo
0x00007fff299b4000 	/System/Library/PrivateFrameworks/IOMobileFramebuffer.framework/Versions/A/IOMobileFramebuffer
0x00007fff2a301000 	/usr/lib/libbz2.1.0.dylib
0x00007fff2a616000 	/usr/lib/libiconv.2.dylib
0x00007fff2a56a000 	/usr/lib/libcharset.1.dylib
0x00007fff271ed000 	/System/Library/Frameworks/CoreServices.framework/Versions/A/Frameworks/FSEvents.framework/Versions/A/FSEvents
0x00007fff2284f000 	/System/Library/Frameworks/CoreServices.framework/Versions/A/Frameworks/CarbonCore.framework/Versions/A/CarbonCore
0x00007fff2655a000 	/System/Library/Frameworks/CoreServices.framework/Versions/A/Frameworks/Metadata.framework/Versions/A/Metadata
0x00007fff2a313000 	/System/Library/Frameworks/CoreServices.framework/Versions/A/Frameworks/OSServices.framework/Versions/A/OSServices
0x00007fff2a78b000 	/System/Library/Frameworks/CoreServices.framework/Versions/A/Frameworks/SearchKit.framework/Versions/A/SearchKit
0x00007fff262ca000 	/System/Library/Frameworks/CoreServices.framework/Versions/A/Frameworks/AE.framework/Versions/A/AE
0x00007fff20914000 	/System/Library/Frameworks/CoreServices.framework/Versions/A/Frameworks/LaunchServices.framework/Versions/A/LaunchServices
0x00007fff2ac12000 	/System/Library/Frameworks/CoreServices.framework/Versions/A/Frameworks/DictionaryServices.framework/Versions/A/DictionaryServices
0x00007fff271fa000 	/System/Library/Frameworks/CoreServices.framework/Versions/A/Frameworks/SharedFileList.framework/Versions/A/SharedFileList
0x00007fff29d66000 	/usr/lib/libCheckFix.dylib
0x00007fff24c80000 	/System/Library/PrivateFrameworks/TCC.framework/Versions/A/TCC
0x00007fff2907a000 	/System/Library/PrivateFrameworks/CoreNLP.framework/Versions/A/CoreNLP
0x00007fff2650d000 	/System/Library/PrivateFrameworks/MetadataUtilities.framework/Versions/A/MetadataUtilities
0x00007fff20fec000 	/usr/lib/libmecabra.dylib
0x00007fff2a070000 	/System/Library/Frameworks/MLCompute.framework/Versions/A/MLCompute
0x00007fff29d9b000 	/usr/lib/libmecab.dylib
0x00007fff29de5000 	/usr/lib/libgermantok.dylib
0x00007fff2a7f3000 	/usr/lib/libThaiTokenizer.dylib
0x00007fff2adb4000 	/usr/lib/libChineseTokenizer.dylib
0x00007fff2a847000 	/System/Library/Frameworks/MetalPerformanceShaders.framework/Versions/A/MetalPerformanceShaders
0x00007fff265fc000 	/System/Library/Frameworks/Accelerate.framework/Versions/A/Frameworks/vImage.framework/Versions/A/vImage
0x00007fff2ff4a000 	/System/Library/Frameworks/Accelerate.framework/Versions/A/Frameworks/vecLib.framework/Versions/A/vecLib
0x00007fff2adbf000 	/System/Library/Frameworks/Accelerate.framework/Versions/A/Frameworks/vecLib.framework/Versions/A/libvMisc.dylib
0x00007fff297cf000 	/System/Library/Frameworks/Accelerate.framework/Versions/A/Frameworks/vecLib.framework/Versions/A/libvDSP.dylib
0x00007fff20c1f000 	/System/Library/Frameworks/Accelerate.framework/Versions/A/Frameworks/vecLib.framework/Versions/A/libBLAS.dylib
0x00007fff2a874000 	/System/Library/Frameworks/Accelerate.framework/Versions/A/Frameworks/vecLib.framework/Versions/A/libLAPACK.dylib
0x00007fff29deb000 	/System/Library/Frameworks/Accelerate.framework/Versions/A/Frameworks/vecLib.framework/Versions/A/libLinearAlgebra.dylib
0x00007fff2a830000 	/System/Library/Frameworks/Accelerate.framework/Versions/A/Frameworks/vecLib.framework/Versions/A/libSparseBLAS.dylib
0x00007fff2a86e000 	/System/Library/Frameworks/Accelerate.framework/Versions/A/Frameworks/vecLib.framework/Versions/A/libQuadrature.dylib
0x00007fff29126000 	/System/Library/Frameworks/Accelerate.framework/Versions/A/Frameworks/vecLib.framework/Versions/A/libBNNS.dylib
0x00007fff20eca000 	/System/Library/Frameworks/Accelerate.framework/Versions/A/Frameworks/vecLib.framework/Versions/A/libSparse.dylib
0x00007fff29002000 	/System/Library/Frameworks/MetalPerformanceShaders.framework/Versions/A/Frameworks/MPSCore.framework/Versions/A/MPSCore
0x00007fff2a260000 	/System/Library/Frameworks/MetalPerformanceShaders.framework/Versions/A/Frameworks/MPSImage.framework/Versions/A/MPSImage
0x00007fff29e01000 	/System/Library/Frameworks/MetalPerformanceShaders.framework/Versions/A/Frameworks/MPSNeuralNetwork.framework/Versions/A/MPSNeuralNetwork
0x00007fff2a1d2000 	/System/Library/Frameworks/MetalPerformanceShaders.framework/Versions/A/Frameworks/MPSMatrix.framework/Versions/A/MPSMatrix
0x00007fff2a020000 	/System/Library/Frameworks/MetalPerformanceShaders.framework/Versions/A/Frameworks/MPSRayIntersector.framework/Versions/A/MPSRayIntersector
0x00007fff2a209000 	/System/Library/Frameworks/MetalPerformanceShaders.framework/Versions/A/Frameworks/MPSNDArray.framework/Versions/A/MPSNDArray
0x00007fff20b4a000 	/System/Library/PrivateFrameworks/MetalTools.framework/Versions/A/MetalTools
0x00007fff29072000 	/System/Library/PrivateFrameworks/AggregateDictionary.framework/Versions/A/AggregateDictionary
0x00007fff264da000 	/System/Library/PrivateFrameworks/CoreAnalytics.framework/Versions/A/CoreAnalytics
0x00007fff2a7f5000 	/System/Library/PrivateFrameworks/AppleSauce.framework/Versions/A/AppleSauce
0x00007fff28378000 	/System/Library/PrivateFrameworks/IOAccelerator.framework/Versions/A/IOAccelerator
0x00007fff6bad1000 	/System/Library/Frameworks/OpenGL.framework/Versions/A/Libraries/libCoreFSCache.dylib
0x00007fff21584000 	/System/Library/PrivateFrameworks/LanguageModeling.framework/Versions/A/LanguageModeling
0x00007fff299a2000 	/System/Library/PrivateFrameworks/CoreEmoji.framework/Versions/A/CoreEmoji
0x00007fff2911f000 	/System/Library/PrivateFrameworks/LinguisticData.framework/Versions/A/LinguisticData
0x00007fff20e7c000 	/System/Library/PrivateFrameworks/Lexicon.framework/Versions/A/Lexicon
0x00007fff2a707000 	/usr/lib/libcmph.dylib
0x00007fff271cd000 	/System/Library/Frameworks/OpenDirectory.framework/Versions/A/Frameworks/CFOpenDirectory.framework/Versions/A/CFOpenDirectory
0x00007fff271bd000 	/System/Library/Frameworks/OpenDirectory.framework/Versions/A/OpenDirectory
0x00007fff2ac7d000 	/System/Library/PrivateFrameworks/APFS.framework/Versions/A/APFS
0x00007fff29cc8000 	/System/Library/Frameworks/SecurityFoundation.framework/Versions/A/SecurityFoundation
0x00007fff2ad87000 	/usr/lib/libutil.dylib
0x00007fff22b7a000 	/System/Library/PrivateFrameworks/CoreServicesStore.framework/Versions/A/CoreServicesStore
0x00007fff29d5e000 	/System/Library/Frameworks/ServiceManagement.framework/Versions/A/ServiceManagement
0x00007fff2ad8b000 	/usr/lib/libxslt.1.dylib
0x00007fff29d54000 	/System/Library/PrivateFrameworks/BackgroundTaskManagement.framework/Versions/A/BackgroundTaskManagement
0x00007fff2bd3f000 	/System/Library/Frameworks/ImageIO.framework/Versions/A/Resources/libRadiance.dylib
0x00007fff2bd49000 	/System/Library/Frameworks/ImageIO.framework/Versions/A/Resources/libJPEG.dylib
0x00007fff2bc99000 	/System/Library/Frameworks/ImageIO.framework/Versions/A/Resources/libPng.dylib
0x00007fff2bcba000 	/System/Library/Frameworks/ImageIO.framework/Versions/A/Resources/libTIFF.dylib
0x00007fff2bd9e000 	/System/Library/Frameworks/ImageIO.framework/Versions/A/Resources/libGIF.dylib
0x00007fff2b9eb000 	/System/Library/Frameworks/ImageIO.framework/Versions/A/Resources/libJP2.dylib
0x00007fff2b106000 	/usr/lib/libexpat.1.dylib
0x00007fff2b9a1000 	/System/Library/PrivateFrameworks/AppleJPEG.framework/Versions/A/AppleJPEG
0x00007fff285ae000 	/System/Library/PrivateFrameworks/FontServices.framework/libFontParser.dylib
0x00007fff26281000 	/System/Library/PrivateFrameworks/RunningBoardServices.framework/Versions/A/RunningBoardServices
0x00007fff2bacb000 	/System/Library/PrivateFrameworks/WatchdogClient.framework/Versions/A/WatchdogClient
0x00007fff2166d000 	/System/Library/Frameworks/CoreDisplay.framework/Versions/A/CoreDisplay
0x00007fff284c3000 	/System/Library/Frameworks/CoreMedia.framework/Versions/A/CoreMedia
0x00007fff2734d000 	/System/Library/Frameworks/CoreVideo.framework/Versions/A/CoreVideo
0x00007fff2bb06000 	/System/Library/Frameworks/VideoToolbox.framework/Versions/A/VideoToolbox
0x00007fff26201000 	/System/Library/PrivateFrameworks/BaseBoard.framework/Versions/A/BaseBoard
0x00007fff2b24b000 	/System/Library/PrivateFrameworks/PersistentConnection.framework/Versions/A/PersistentConnection
0x00007fff25fa2000 	/System/Library/PrivateFrameworks/ProtocolBuffer.framework/Versions/A/ProtocolBuffer
0x00007fff261e9000 	/System/Library/PrivateFrameworks/CommonUtilities.framework/Versions/A/CommonUtilities
0x00007fff2b964000 	/System/Library/PrivateFrameworks/Bom.framework/Versions/A/Bom
0x00007fff2bd37000 	/System/Library/PrivateFrameworks/GPUWrangler.framework/Versions/A/GPUWrangler
0x00007fff2bd1a000 	/System/Library/PrivateFrameworks/IOPresentment.framework/Versions/A/IOPresentment
0x00007fff2bd43000 	/System/Library/PrivateFrameworks/DSExternalDisplay.framework/Versions/A/DSExternalDisplay
0x00007fff2bda3000 	/System/Library/PrivateFrameworks/CMCaptureCore.framework/Versions/A/CMCaptureCore
0x00007fff2b6e7000 	/System/Library/PrivateFrameworks/AppServerSupport.framework/Versions/A/AppServerSupport
0x00007fff2d77e000 	/System/Library/PrivateFrameworks/perfdata.framework/Versions/A/perfdata
0x00007fff29cb7000 	/System/Library/PrivateFrameworks/AssertionServices.framework/Versions/A/AssertionServices
0x00007fff217a4000 	/System/Library/PrivateFrameworks/AudioToolboxCore.framework/Versions/A/AudioToolboxCore
0x00007fff284a6000 	/System/Library/PrivateFrameworks/caulk.framework/Versions/A/caulk
0x00007fff3cc2a000 	/System/Library/PrivateFrameworks/SystemPolicy.framework/Versions/A/SystemPolicy
0x00007fff2af15000 	/usr/lib/libIOReport.dylib
0x00007fff2cfba000 	/usr/lib/libSMC.dylib
0x00007fff2bc65000 	/usr/lib/libAudioToolboxUtility.dylib
0x00007fff3d587000 	/usr/lib/libmis.dylib
0x00007fff6bb2d000 	/System/Library/Frameworks/OpenGL.framework/Versions/A/Libraries/libGLU.dylib
0x00007fff6baf0000 	/System/Library/Frameworks/OpenGL.framework/Versions/A/Libraries/libGFXShared.dylib
0x00007fff6bcfe000 	/System/Library/Frameworks/OpenGL.framework/Versions/A/Libraries/libGL.dylib
0x00007fff6baf9000 	/System/Library/Frameworks/OpenGL.framework/Versions/A/Libraries/libGLImage.dylib
0x00007fff6baed000 	/System/Library/Frameworks/OpenGL.framework/Versions/A/Libraries/libCVMSPluginSupport.dylib
0x00007fff6bad8000 	/System/Library/Frameworks/OpenGL.framework/Versions/A/Libraries/libCoreVMClient.dylib
0x00007fff6d148000 	/System/Library/Frameworks/OpenCL.framework/Versions/A/OpenCL
0x00007fff2b274000 	/System/Library/PrivateFrameworks/GraphVisualizer.framework/Versions/A/GraphVisualizer
0x00007fff2b283000 	/System/Library/PrivateFrameworks/FaceCore.framework/Versions/A/FaceCore
0x00007fff2b69f000 	/System/Library/PrivateFrameworks/OTSVG.framework/Versions/A/OTSVG
0x00007fff26f42000 	/System/Library/Frameworks/ApplicationServices.framework/Versions/A/Frameworks/ATS.framework/Versions/A/Resources/libFontRegistry.dylib
0x00007fff2b6ee000 	/System/Library/PrivateFrameworks/FontServices.framework/libhvf.dylib
0x00007fff2b0b2000 	/System/Library/PrivateFrameworks/AppleVA.framework/Versions/A/AppleVA
0x00007fff2ce02000 	/System/Library/Frameworks/ApplicationServices.framework/Versions/A/Frameworks/ATS.framework/Versions/A/ATS
0x00007fff2d115000 	/System/Library/Frameworks/ApplicationServices.framework/Versions/A/Frameworks/ColorSyncLegacy.framework/Versions/A/ColorSyncLegacy
0x00007fff25780000 	/System/Library/Frameworks/ApplicationServices.framework/Versions/A/Frameworks/HIServices.framework/Versions/A/HIServices
0x00007fff2d0fa000 	/System/Library/Frameworks/ApplicationServices.framework/Versions/A/Frameworks/LangAnalysis.framework/Versions/A/LangAnalysis
0x00007fff2bdad000 	/System/Library/Frameworks/ApplicationServices.framework/Versions/A/Frameworks/PrintCore.framework/Versions/A/PrintCore
0x00007fff2d11d000 	/System/Library/Frameworks/ApplicationServices.framework/Versions/A/Frameworks/QD.framework/Versions/A/QD
0x00007fff2cdf2000 	/System/Library/Frameworks/ApplicationServices.framework/Versions/A/Frameworks/SpeechSynthesis.framework/Versions/A/SpeechSynthesis
0x00007fff2bd6e000 	/System/Library/Frameworks/ApplicationServices.framework/Versions/A/Frameworks/ATSUI.framework/Versions/A/ATSUI
0x00007fff2d09a000 	/usr/lib/libcups.2.dylib
0x00007fff2d10a000 	/System/Library/PrivateFrameworks/NetAuth.framework/Versions/A/NetAuth
0x00007fff2d799000 	/System/Library/Frameworks/Kerberos.framework/Versions/A/Kerberos
0x00007fff2d7a9000 	/System/Library/Frameworks/GSS.framework/Versions/A/GSS
0x00007fff2ce6f000 	/usr/lib/libresolv.9.dylib
0x00007fff2b704000 	/System/Library/PrivateFrameworks/Heimdal.framework/Versions/A/Heimdal
0x00007fff33460000 	/System/Library/Frameworks/Kerberos.framework/Versions/A/Libraries/libHeimdalProxy.dylib
0x00007fff2634e000 	/System/Library/Frameworks/Network.framework/Versions/A/Network
0x00007fff2b120000 	/usr/lib/libheimdal-asn1.dylib
0x00007fff2d7fa000 	/System/Library/PrivateFrameworks/CommonAuth.framework/Versions/A/CommonAuth
0x00007fff2739b000 	/System/Library/PrivateFrameworks/login.framework/Versions/A/Frameworks/loginsupport.framework/Versions/A/loginsupport
0x00007fff2cd79000 	/System/Library/PrivateFrameworks/AudioSession.framework/Versions/A/AudioSession
0x00007fff2cddf000 	/usr/lib/libAudioStatistics.dylib
0x00007fff2b1ac000 	/System/Library/PrivateFrameworks/MediaExperience.framework/Versions/A/MediaExperience
0x00007fff2cc12000 	/System/Library/PrivateFrameworks/AudioSession.framework/libSessionUtility.dylib
0x00007fff2d78a000 	/usr/lib/libperfcheck.dylib
0x00007fff2d129000 	/System/Library/PrivateFrameworks/AudioResourceArbitration.framework/Versions/A/AudioResourceArbitration
0x00007fff2b12a000 	/System/Library/PrivateFrameworks/IconFoundation.framework/Versions/A/IconFoundation
0x00007fff2fc2d000 	/System/Library/PrivateFrameworks/SpeechRecognitionCore.framework/Versions/A/SpeechRecognitionCore
0x000000010cf6a000 	/Users/blakebabb/Library/Java/JavaVirtualMachines/corretto-1.8.0_302/Contents/Home/jre/lib/server/libjvm.dylib
0x000000010d93a000 	/Users/blakebabb/Library/Java/JavaVirtualMachines/corretto-1.8.0_302/Contents/Home/jre/lib/libverify.dylib
0x000000010d94e000 	/Users/blakebabb/Library/Java/JavaVirtualMachines/corretto-1.8.0_302/Contents/Home/jre/lib/libjava.dylib
0x000000010d987000 	/Users/blakebabb/Library/Java/JavaVirtualMachines/corretto-1.8.0_302/Contents/Home/jre/lib/libinstrument.dylib
0x000000010d9f4000 	/Users/blakebabb/Library/Java/JavaVirtualMachines/corretto-1.8.0_302/Contents/Home/jre/lib/libzip.dylib
0x000000010ff35000 	/Users/blakebabb/Library/Java/JavaVirtualMachines/corretto-1.8.0_302/Contents/Home/jre/lib/libnio.dylib
0x000000010ff4d000 	/Users/blakebabb/Library/Java/JavaVirtualMachines/corretto-1.8.0_302/Contents/Home/jre/lib/libnet.dylib
0x000000010ff73000 	/Users/blakebabb/Library/Java/JavaVirtualMachines/corretto-1.8.0_302/Contents/Home/jre/lib/libawt.dylib
0x0000000110017000 	/Users/blakebabb/Library/Java/JavaVirtualMachines/corretto-1.8.0_302/Contents/Home/jre/lib/libmlib_image.dylib
0x00007fff6ea81000 	/System/Library/Frameworks/JavaNativeFoundation.framework/Versions/A/JavaNativeFoundation
0x00007fff6ea8d000 	/System/Library/Frameworks/JavaRuntimeSupport.framework/Versions/A/JavaRuntimeSupport
0x00007fff3c974000 	/System/Library/Frameworks/Carbon.framework/Versions/A/Carbon
0x00007fff31a9e000 	/System/Library/PrivateFrameworks/CoreSymbolication.framework/Versions/A/CoreSymbolication
0x00007fff3640b000 	/System/Library/Frameworks/Carbon.framework/Versions/A/Frameworks/CommonPanels.framework/Versions/A/CommonPanels
0x00007fff32ef5000 	/System/Library/Frameworks/Carbon.framework/Versions/A/Frameworks/Help.framework/Versions/A/Help
0x00007fff3640f000 	/System/Library/Frameworks/Carbon.framework/Versions/A/Frameworks/ImageCapture.framework/Versions/A/ImageCapture
0x00007fff363df000 	/System/Library/Frameworks/Carbon.framework/Versions/A/Frameworks/OpenScripting.framework/Versions/A/OpenScripting
0x00007fff36407000 	/System/Library/Frameworks/Carbon.framework/Versions/A/Frameworks/Ink.framework/Versions/A/Ink
0x00007fff3c970000 	/System/Library/Frameworks/Carbon.framework/Versions/A/Frameworks/Print.framework/Versions/A/Print
0x00007fff36403000 	/System/Library/Frameworks/Carbon.framework/Versions/A/Frameworks/SecurityHI.framework/Versions/A/SecurityHI
0x00007fff31a62000 	/System/Library/PrivateFrameworks/DebugSymbols.framework/Versions/A/DebugSymbols
0x00000001100d3000 	/Users/blakebabb/Library/Java/JavaVirtualMachines/corretto-1.8.0_302/Contents/Home/jre/lib/libawt_lwawt.dylib
0x000000011017f000 	/Users/blakebabb/Library/Java/JavaVirtualMachines/corretto-1.8.0_302/Contents/Home/jre/lib/libosxapp.dylib
0x00007fff3bf8b000 	/System/Library/Frameworks/ExceptionHandling.framework/Versions/A/ExceptionHandling
0x00007fff22b3b000 	/System/Library/PrivateFrameworks/CoreServicesInternal.framework/Versions/A/CoreServicesInternal
0x00007fff30fb4000 	/System/Library/Frameworks/FileProvider.framework/Versions/A/FileProvider
0x00007fff2616c000 	/System/Library/Frameworks/Accounts.framework/Versions/A/Accounts
0x00007fff31104000 	/System/Library/PrivateFrameworks/GenerationalStorage.framework/Versions/A/GenerationalStorage
0x00007fff309d4000 	/System/Library/PrivateFrameworks/SymptomDiagnosticReporter.framework/Versions/A/SymptomDiagnosticReporter
0x00007fff23c6c000 	/System/Library/PrivateFrameworks/DesktopServicesPriv.framework/Versions/A/DesktopServicesPriv
0x00007fff22c70000 	/usr/lib/libsandbox.1.dylib
0x00007fff273c6000 	/System/Library/PrivateFrameworks/UserManagement.framework/Versions/A/UserManagement
0x00007fff29c94000 	/System/Library/PrivateFrameworks/MobileKeyBag.framework/Versions/A/MobileKeyBag
0x00007fff344e3000 	/System/Library/PrivateFrameworks/ChunkingLibrary.framework/Versions/A/ChunkingLibrary
0x00007fff2e1bd000 	/System/Library/PrivateFrameworks/Sharing.framework/Versions/A/Sharing
0x00007fff32a62000 	/System/Library/PrivateFrameworks/Apple80211.framework/Versions/A/Apple80211
0x00007fff2a341000 	/System/Library/PrivateFrameworks/AuthKit.framework/Versions/A/AuthKit
0x00007fff29a92000 	/System/Library/PrivateFrameworks/CoreUtils.framework/Versions/A/CoreUtils
0x00007fff299bf000 	/System/Library/Frameworks/CoreWLAN.framework/Versions/A/CoreWLAN
0x00007fff2e309000 	/System/Library/Frameworks/IOBluetooth.framework/Versions/A/IOBluetooth
0x00007fff32ac6000 	/System/Library/PrivateFrameworks/CoreWiFi.framework/Versions/A/CoreWiFi
0x00007fff2d880000 	/System/Library/PrivateFrameworks/CorePhoneNumbers.framework/Versions/A/CorePhoneNumbers
0x00007fff30adb000 	/System/Library/PrivateFrameworks/DiskManagement.framework/Versions/A/DiskManagement
0x00007fff309f1000 	/System/Library/PrivateFrameworks/AppleIDAuthSupport.framework/Versions/A/AppleIDAuthSupport
0x00007fff2d860000 	/System/Library/PrivateFrameworks/KeychainCircle.framework/Versions/A/KeychainCircle
0x00007fff30aa7000 	/System/Library/PrivateFrameworks/MediaKit.framework/Versions/A/MediaKit
0x00007fff309fe000 	/System/Library/Frameworks/DiscRecording.framework/Versions/A/DiscRecording
0x00007fff2b026000 	/usr/lib/libCoreStorage.dylib
0x00007fff32f01000 	/usr/lib/libcsfde.dylib
0x00007fff2e444000 	/System/Library/PrivateFrameworks/ProtectedCloudStorage.framework/Versions/A/ProtectedCloudStorage
0x00007fff32ef9000 	/System/Library/PrivateFrameworks/EFILogin.framework/Versions/A/EFILogin
0x00007fff33513000 	/System/Library/Frameworks/AudioUnit.framework/Versions/A/AudioUnit
0x00007fff3096e000 	/System/Library/Frameworks/CoreBluetooth.framework/Versions/A/CoreBluetooth
0x00007fff2b01e000 	/usr/lib/libMatch.1.dylib
0x00007fff437fb000 	/System/Library/CoreServices/RawCamera.bundle/Contents/MacOS/RawCamera
0x00007fff2d80b000 	/System/Library/PrivateFrameworks/MobileAsset.framework/Versions/A/MobileAsset
0x00007fff33537000 	/System/Library/PrivateFrameworks/StreamingZip.framework/Versions/A/StreamingZip
0x00007fff2bfa5000 	/System/Library/Frameworks/MediaToolbox.framework/Versions/A/MediaToolbox
0x00007fff30f86000 	/System/Library/PrivateFrameworks/CoreAVCHD.framework/Versions/A/CoreAVCHD
0x00007fff3016d000 	/System/Library/Frameworks/MediaAccessibility.framework/Versions/A/MediaAccessibility
0x00007fff30f82000 	/System/Library/PrivateFrameworks/Mangrove.framework/Versions/A/Mangrove
0x00007fff30179000 	/System/Library/PrivateFrameworks/AlgosScoreFramework.framework/Versions/A/AlgosScoreFramework
0x00007fff31970000 	/System/Library/PrivateFrameworks/AppleVPA.framework/Versions/A/AppleVPA
0x00007fff30bc7000 	/System/Library/PrivateFrameworks/CoreAUC.framework/Versions/A/CoreAUC
0x00007fff4124e000 	/System/Library/Frameworks/Accelerate.framework/Versions/A/Frameworks/vImage.framework/Versions/A/Libraries/libCGInterfaces.dylib
0x0000000110f73000 	/usr/lib/libobjc-trampolines.dylib
0x00007fff270c5000 	/System/Library/PrivateFrameworks/ViewBridge.framework/Versions/A/ViewBridge
0x00007fff2b7c5000 	/System/Library/PrivateFrameworks/login.framework/Versions/A/login
0x000000013f6cf000 	/Users/blakebabb/Library/Java/JavaVirtualMachines/corretto-1.8.0_302/Contents/Home/jre/lib/libfontmanager.dylib
0x000000013f733000 	/Users/blakebabb/Library/Java/JavaVirtualMachines/corretto-1.8.0_302/Contents/Home/jre/lib/libfreetype.dylib.6
0x00007fff6bd09000 	/System/Library/Frameworks/OpenGL.framework/Versions/A/Resources/GLEngine.bundle/GLEngine
0x00007fff6bb6a000 	/System/Library/Frameworks/OpenGL.framework/Versions/A/Libraries/libGLProgrammability.dylib
0x00007fff5eeed000 	/System/Library/Extensions/AppleIntelKBLGraphicsGLDriver.bundle/Contents/MacOS/AppleIntelKBLGraphicsGLDriver
0x00007fff46341000 	/System/Library/PrivateFrameworks/GPUSupport.framework/Versions/A/Libraries/libGPUSupportMercury.dylib
0x000000013f80b000 	/System/Library/Extensions/AMDRadeonX6000GLDriver.bundle/Contents/MacOS/AMDRadeonX6000GLDriver
0x00007fff6e0ea000 	/System/Library/Extensions/AMDRadeonX6000GLDriver.bundle/Contents/MacOS/ATIRadeonX6000SCLib.dylib
0x00007fff5e155000 	/System/Library/Extensions/AMDShared.bundle/Contents/PlugIns/libSC.dylib
0x00007fff6be87000 	/System/Library/Frameworks/OpenGL.framework/Versions/A/Resources/GLRendererFloat.bundle/GLRendererFloat
0x000000013fc4f000 	/private/var/folders/b2/y40lvrwd3f99lkp8pw5v11f80000gn/T/jogamp_0000/file_cache/jln658153801073281359/jln3551362467296715696/natives/macosx-universal/libgluegen-rt.jnilib
0x000000013fc53000 	/private/var/folders/b2/y40lvrwd3f99lkp8pw5v11f80000gn/T/jogamp_0000/file_cache/jln658153801073281359/jln3551362467296715696/natives/macosx-universal/libnativewindow_awt.jnilib
0x000000013fc56000 	/Users/blakebabb/Library/Java/JavaVirtualMachines/corretto-1.8.0_302/Contents/Home/jre/lib/libjawt.dylib
0x000000013fc66000 	/private/var/folders/b2/y40lvrwd3f99lkp8pw5v11f80000gn/T/jogamp_0000/file_cache/jln658153801073281359/jln3551362467296715696/natives/macosx-universal/libnativewindow_macosx.jnilib
0x000000013fc70000 	/private/var/folders/b2/y40lvrwd3f99lkp8pw5v11f80000gn/T/jogamp_0000/file_cache/jln658153801073281359/jln3551362467296715696/natives/macosx-universal/libnewt.jnilib

VM Arguments:
jvm_args: -javaagent:/Applications/IntelliJ IDEA CE.app/Contents/lib/idea_rt.jar=53053:/Applications/IntelliJ IDEA CE.app/Contents/bin -Dfile.encoding=UTF-8 
java_command: main.Main
java_class_path (initial): /Users/blakebabb/Library/Java/JavaVirtualMachines/corretto-1.8.0_302/Contents/Home/jre/lib/charsets.jar:/Users/blakebabb/Library/Java/JavaVirtualMachines/corretto-1.8.0_302/Contents/Home/jre/lib/ext/cldrdata.jar:/Users/blakebabb/Library/Java/JavaVirtualMachines/corretto-1.8.0_302/Contents/Home/jre/lib/ext/dnsns.jar:/Users/blakebabb/Library/Java/JavaVirtualMachines/corretto-1.8.0_302/Contents/Home/jre/lib/ext/jaccess.jar:/Users/blakebabb/Library/Java/JavaVirtualMachines/corretto-1.8.0_302/Contents/Home/jre/lib/ext/jfxrt.jar:/Users/blakebabb/Library/Java/JavaVirtualMachines/corretto-1.8.0_302/Contents/Home/jre/lib/ext/localedata.jar:/Users/blakebabb/Library/Java/JavaVirtualMachines/corretto-1.8.0_302/Contents/Home/jre/lib/ext/nashorn.jar:/Users/blakebabb/Library/Java/JavaVirtualMachines/corretto-1.8.0_302/Contents/Home/jre/lib/ext/sunec.jar:/Users/blakebabb/Library/Java/JavaVirtualMachines/corretto-1.8.0_302/Contents/Home/jre/lib/ext/sunjce_provider.jar:/Users/blakebabb/Library/Java/JavaVirtualMachines/corretto-1.8.0_302/Contents/Home/jre/lib/ext/sunpkcs11.jar:/Users/blakebabb/Library/Java/JavaVirtualMachines/corretto-1.8.0_302/Contents/Home/jre/lib/ext/zipfs.jar:/Users/blakebabb/Library/Java/JavaVirtualMachines/corretto-1.8.0_302/Contents/Home/jre/lib/jce.jar:/Users/blakebabb/Library/Java/JavaVirtualMachines/corretto-1.8.0_302/Contents/Home/jre/lib/jfr.jar:/Users/blakebabb/Library/Java/JavaVirtualMachines/corretto-1.8.0_302/Contents/Home/jre/lib/jfxswt.jar:/Users/blakebabb/Library/Java/JavaVirtualMachines/corretto-1.8.0_302/Contents/Home/jre/lib/jsse.jar:/Users/blakebabb/Library/Java/JavaVirtualMachines/corretto-1.8.0_302/Contents/Home/jre/lib/management-agent.jar:/Users/blakebabb/Library/Java/JavaVirtualMachines/corretto-1.8.0_302/Contents/Home/jre/lib/resources.jar:/Users/blakebabb/Library/Java/JavaVirtualMachines/corretto-1.8.0_302/Contents/Home/jre/lib/rt.jar:/Users/blakebabb/Library/Java/JavaVirtualMachines/corretto-1.8.0_302/Content
Launcher Type: SUN_STANDARD

Environment Variables:
PATH=/usr/local/bin:/usr/bin:/bin:/usr/sbin:/sbin:/usr/local/share/dotnet:~/.dotnet/tools:/Library/Frameworks/Mono.framework/Versions/Current/Commands:/Users/blakebabb/Library/Application Support/itch/apps/butler
SHELL=/bin/zsh

Signal Handlers:
SIGSEGV: [libjvm.dylib+0x58aa41], sa_mask[0]=11111111011111110111111111111111, sa_flags=SA_ONSTACK|SA_RESTART|SA_SIGINFO
SIGBUS: [libjvm.dylib+0x58aa41], sa_mask[0]=11111111011111110111111111111111, sa_flags=SA_RESTART|SA_SIGINFO
SIGFPE: [libjvm.dylib+0x47ead3], sa_mask[0]=11111111011111110111111111111111, sa_flags=SA_RESTART|SA_SIGINFO
SIGPIPE: [libjvm.dylib+0x47ead3], sa_mask[0]=11111111011111110111111111111111, sa_flags=SA_RESTART|SA_SIGINFO
SIGXFSZ: [libjvm.dylib+0x47ead3], sa_mask[0]=11111111011111110111111111111111, sa_flags=SA_RESTART|SA_SIGINFO
SIGILL: [libjvm.dylib+0x47ead3], sa_mask[0]=11111111011111110111111111111111, sa_flags=SA_RESTART|SA_SIGINFO
SIGUSR1: SIG_DFL, sa_mask[0]=00000000000000000000000000000000, sa_flags=none
SIGUSR2: [libjvm.dylib+0x47f3c6], sa_mask[0]=00100000000000000000000000000000, sa_flags=SA_RESTART|SA_SIGINFO
SIGHUP: [libjvm.dylib+0x47d5bf], sa_mask[0]=11111111011111110111111111111111, sa_flags=SA_RESTART|SA_SIGINFO
SIGINT: [libjvm.dylib+0x47d5bf], sa_mask[0]=11111111011111110111111111111111, sa_flags=SA_RESTART|SA_SIGINFO
SIGTERM: [libjvm.dylib+0x47d5bf], sa_mask[0]=11111111011111110111111111111111, sa_flags=SA_RESTART|SA_SIGINFO
SIGQUIT: [libjvm.dylib+0x47d5bf], sa_mask[0]=11111111011111110111111111111111, sa_flags=SA_RESTART|SA_SIGINFO


---------------  S Y S T E M  ---------------

OS:Bsduname:Darwin 20.6.0 Darwin Kernel Version 20.6.0: Mon Aug 30 06:12:21 PDT 2021; root:xnu-7195.141.6~3/RELEASE_X86_64 x86_64
rlimit: STACK 8192k, CORE 0k, NPROC 2784, NOFILE 10240, AS infinity
load average:4.21 3.86 3.79

CPU:total 16 (initial active 16) (8 cores per cpu, 2 threads per core) family 6 model 158 stepping 13, cmov, cx8, fxsr, mmx, sse, sse2, sse3, ssse3, sse4.1, sse4.2, popcnt, avx, avx2, aes, clmul, erms, 3dnowpref, lzcnt, ht, tsc, tscinvbit, bmi1, bmi2, adx

Memory: 4k page, physical 16777216k(323016k free)

/proc/meminfo:


vm_info: OpenJDK 64-Bit Server VM (25.302-b08) for bsd-amd64 JRE (1.8.0_302-b08), built on Jul 16 2021 23:42:21 by "ec2-user" with gcc Apple LLVM 12.0.5 (clang-1205.0.22.9)

time: Sat Dec 25 18:25:58 2021
timezone: PST
elapsed time: 3.461126 seconds (0d 0h 0m 3s)

